This file contains any messages produced by compilers while
running configure, to aid debugging if configure makes a mistake.

It was created by mhssvau configure 1.0, which was
generated by GNU Autoconf 2.69.  Invocation command line was

  $ ../configure 

## --------- ##
## Platform. ##
## --------- ##

hostname = salvia.local
uname -m = x86_64
uname -r = 17.5.0
uname -s = Darwin
uname -v = Darwin Kernel Version 17.5.0: Mon Mar  5 22:24:32 PST 2018; root:xnu-4570.51.1~1/RELEASE_X86_64

/usr/bin/uname -p = i386
/bin/uname -X     = unknown

/bin/arch              = unknown
/usr/bin/arch -k       = unknown
/usr/convex/getsysinfo = unknown
/usr/bin/hostinfo      = Mach kernel version:
	 Darwin Kernel Version 17.5.0: Mon Mar  5 22:24:32 PST 2018; root:xnu-4570.51.1~1/RELEASE_X86_64
Kernel configured for up to 4 processors.
4 processors are physically available.
4 processors are logically available.
Processor type: x86_64h (Intel x86-64h Haswell)
Processors active: 0 1 2 3
Primary memory available: 16.00 gigabytes
Default processor set: 331 tasks, 1323 threads, 4 processors
Load average: 2.45, Mach factor: 1.54
/bin/machine           = unknown
/usr/bin/oslevel       = unknown
/bin/universe          = unknown

PATH: /usr/local/bin
PATH: /usr/bin
PATH: /bin
PATH: /usr/sbin
PATH: /sbin
PATH: /opt/X11/bin
PATH: /Library/TeX/texbin


## ----------- ##
## Core tests. ##
## ----------- ##

configure:1838: checking build system type
configure:1852: result: x86_64-apple-darwin17.5.0
configure:1872: checking host system type
configure:1885: result: x86_64-apple-darwin17.5.0
configure:1905: checking target system type
configure:1918: result: x86_64-apple-darwin17.5.0
configure:1961: checking for a BSD-compatible install
configure:2029: result: /usr/bin/install -c
configure:2040: checking whether build environment is sane
configure:2095: result: yes
configure:2246: checking for a thread-safe mkdir -p
configure:2285: result: ../install-sh -c -d
configure:2292: checking for gawk
configure:2322: result: no
configure:2292: checking for mawk
configure:2322: result: no
configure:2292: checking for nawk
configure:2322: result: no
configure:2292: checking for awk
configure:2308: found /usr/bin/awk
configure:2319: result: awk
configure:2330: checking whether make sets $(MAKE)
configure:2352: result: yes
configure:2381: checking whether make supports nested variables
configure:2398: result: yes
configure:2583: checking for g++
configure:2599: found /usr/bin/g++
configure:2610: result: g++
configure:2637: checking for C++ compiler version
configure:2646: g++ --version >&5
Apple LLVM version 9.1.0 (clang-902.0.39.1)
Target: x86_64-apple-darwin17.5.0
Thread model: posix
InstalledDir: /Library/Developer/CommandLineTools/usr/bin
Configured with: --prefix=/Library/Developer/CommandLineTools/usr --with-gxx-include-dir=/usr/include/c++/4.2.1
configure:2657: $? = 0
configure:2646: g++ -v >&5
Configured with: --prefix=/Library/Developer/CommandLineTools/usr --with-gxx-include-dir=/usr/include/c++/4.2.1
Apple LLVM version 9.1.0 (clang-902.0.39.1)
Target: x86_64-apple-darwin17.5.0
Thread model: posix
InstalledDir: /Library/Developer/CommandLineTools/usr/bin
configure:2657: $? = 0
configure:2646: g++ -V >&5
clang: error: argument to '-V' is missing (expected 1 value)
clang: error: no input files
configure:2657: $? = 1
configure:2646: g++ -qversion >&5
clang: error: unknown argument: '-qversion'
clang: error: no input files
configure:2657: $? = 1
configure:2677: checking whether the C++ compiler works
configure:2699: g++    conftest.cpp  >&5
configure:2703: $? = 0
configure:2751: result: yes
configure:2754: checking for C++ compiler default output file name
configure:2756: result: a.out
configure:2762: checking for suffix of executables
configure:2769: g++ -o conftest    conftest.cpp  >&5
configure:2773: $? = 0
configure:2795: result: 
configure:2817: checking whether we are cross compiling
configure:2825: g++ -o conftest    conftest.cpp  >&5
configure:2829: $? = 0
configure:2836: ./conftest
configure:2840: $? = 0
configure:2855: result: no
configure:2860: checking for suffix of object files
configure:2882: g++ -c   conftest.cpp >&5
configure:2886: $? = 0
configure:2907: result: o
configure:2911: checking whether we are using the GNU C++ compiler
configure:2930: g++ -c   conftest.cpp >&5
configure:2930: $? = 0
configure:2939: result: yes
configure:2948: checking whether g++ accepts -g
configure:2968: g++ -c -g  conftest.cpp >&5
configure:2968: $? = 0
configure:3009: result: yes
configure:3035: checking whether make supports the include directive
configure:3050: make -f confmf.GNU && cat confinc.out
this is the am__doit target
configure:3053: $? = 0
configure:3072: result: yes (GNU style)
configure:3097: checking dependency style of g++
configure:3208: result: gcc3
configure:3335: checking that generated files are newer than configure
configure:3341: result: done
configure:3364: creating ./config.status

## ---------------------- ##
## Running config.status. ##
## ---------------------- ##

This file was extended by mhssvau config.status 1.0, which was
generated by GNU Autoconf 2.69.  Invocation command line was

  CONFIG_FILES    = 
  CONFIG_HEADERS  = 
  CONFIG_LINKS    = 
  CONFIG_COMMANDS = 
  $ ./config.status 

on salvia.local

config.status:852: creating Makefile
config.status:852: creating src/Makefile
config.status:852: creating config.h
config.status:1066: executing depfiles commands
config.status:1143: cd src       && sed -e '/# am--include-marker/d' Makefile         | make -f - am--depfiles
config.status:1148: $? = 0

## ---------------- ##
## Cache variables. ##
## ---------------- ##

ac_cv_build=x86_64-apple-darwin17.5.0
ac_cv_cxx_compiler_gnu=yes
ac_cv_env_CCC_set=
ac_cv_env_CCC_value=
ac_cv_env_CPPFLAGS_set=
ac_cv_env_CPPFLAGS_value=
ac_cv_env_CXXFLAGS_set=
ac_cv_env_CXXFLAGS_value=
ac_cv_env_CXX_set=
ac_cv_env_CXX_value=
ac_cv_env_LDFLAGS_set=
ac_cv_env_LDFLAGS_value=
ac_cv_env_LIBS_set=
ac_cv_env_LIBS_value=
ac_cv_env_build_alias_set=
ac_cv_env_build_alias_value=
ac_cv_env_host_alias_set=
ac_cv_env_host_alias_value=
ac_cv_env_target_alias_set=
ac_cv_env_target_alias_value=
ac_cv_host=x86_64-apple-darwin17.5.0
ac_cv_objext=o
ac_cv_path_install='/usr/bin/install -c'
ac_cv_prog_AWK=awk
ac_cv_prog_ac_ct_CXX=g++
ac_cv_prog_cxx_g=yes
ac_cv_prog_make_make_set=yes
ac_cv_target=x86_64-apple-darwin17.5.0
am_cv_CXX_dependencies_compiler_type=gcc3
am_cv_make_support_nested_variables=yes

## ----------------- ##
## Output variables. ##
## ----------------- ##

ACLOCAL='${SHELL} /Users/lxm/Workspace/mhssvau/missing aclocal-1.16'
AMDEPBACKSLASH='\'
AMDEP_FALSE='#'
AMDEP_TRUE=''
AMTAR='$${TAR-tar}'
AM_BACKSLASH='\'
AM_DEFAULT_V='$(AM_DEFAULT_VERBOSITY)'
AM_DEFAULT_VERBOSITY='1'
AM_V='$(V)'
AUTOCONF='${SHELL} /Users/lxm/Workspace/mhssvau/missing autoconf'
AUTOHEADER='${SHELL} /Users/lxm/Workspace/mhssvau/missing autoheader'
AUTOMAKE='${SHELL} /Users/lxm/Workspace/mhssvau/missing automake-1.16'
AWK='awk'
CPPFLAGS=''
CXX='g++'
CXXDEPMODE='depmode=gcc3'
CXXFLAGS='-g -O2'
CYGPATH_W='echo'
DEFS='-DHAVE_CONFIG_H'
DEPDIR='.deps'
ECHO_C='\c'
ECHO_N=''
ECHO_T=''
EXEEXT=''
INSTALL_DATA='${INSTALL} -m 644'
INSTALL_PROGRAM='${INSTALL}'
INSTALL_SCRIPT='${INSTALL}'
INSTALL_STRIP_PROGRAM='$(install_sh) -c -s'
LDFLAGS=''
LIBOBJS=''
LIBS=''
LTLIBOBJS=''
MAKEINFO='${SHELL} /Users/lxm/Workspace/mhssvau/missing makeinfo'
MKDIR_P='../install-sh -c -d'
OBJEXT='o'
PACKAGE='mhssvau'
PACKAGE_BUGREPORT=''
PACKAGE_NAME='mhssvau'
PACKAGE_STRING='mhssvau 1.0'
PACKAGE_TARNAME='mhssvau'
PACKAGE_URL=''
PACKAGE_VERSION='1.0'
PATH_SEPARATOR=':'
SET_MAKE=''
SHELL='/bin/sh'
STRIP=''
VERSION='1.0'
ac_ct_CXX='g++'
am__EXEEXT_FALSE=''
am__EXEEXT_TRUE='#'
am__fastdepCXX_FALSE='#'
am__fastdepCXX_TRUE=''
am__include='include'
am__isrc=' -I$(srcdir)'
am__leading_dot='.'
am__nodep='_no'
am__quote=''
am__tar='$${TAR-tar} chof - "$$tardir"'
am__untar='$${TAR-tar} xf -'
bindir='${exec_prefix}/bin'
build='x86_64-apple-darwin17.5.0'
build_alias=''
build_cpu='x86_64'
build_os='darwin17.5.0'
build_vendor='apple'
datadir='${datarootdir}'
datarootdir='${prefix}/share'
docdir='${datarootdir}/doc/${PACKAGE_TARNAME}'
dvidir='${docdir}'
exec_prefix='${prefix}'
host='x86_64-apple-darwin17.5.0'
host_alias=''
host_cpu='x86_64'
host_os='darwin17.5.0'
host_vendor='apple'
htmldir='${docdir}'
includedir='${prefix}/include'
infodir='${datarootdir}/info'
install_sh='${SHELL} /Users/lxm/Workspace/mhssvau/install-sh'
libdir='${exec_prefix}/lib'
libexecdir='${exec_prefix}/libexec'
localedir='${datarootdir}/locale'
localstatedir='${prefix}/var'
mandir='${datarootdir}/man'
mkdir_p='$(MKDIR_P)'
oldincludedir='/usr/include'
pdfdir='${docdir}'
prefix='/usr/local'
program_transform_name='s,x,x,'
psdir='${docdir}'
sbindir='${exec_prefix}/sbin'
sharedstatedir='${prefix}/com'
sysconfdir='${prefix}/etc'
target='x86_64-apple-darwin17.5.0'
target_alias=''
target_cpu='x86_64'
target_os='darwin17.5.0'
target_vendor='apple'

## ----------- ##
## confdefs.h. ##
## ----------- ##

/* confdefs.h */
#define PACKAGE_NAME "mhssvau"
#define PACKAGE_TARNAME "mhssvau"
#define PACKAGE_VERSION "1.0"
#define PACKAGE_STRING "mhssvau 1.0"
#define PACKAGE_BUGREPORT ""
#define PACKAGE_URL ""
#define PACKAGE "mhssvau"
#define VERSION "1.0"

configure: exit 0

## ---------------------- ##
## Running config.status. ##
## ---------------------- ##

This file was extended by mhssvau config.status 1.0, which was
generated by GNU Autoconf 2.69.  Invocation command line was

  CONFIG_FILES    = 
  CONFIG_HEADERS  = 
  CONFIG_LINKS    = 
  CONFIG_COMMANDS = 
  $ ./config.status config.h

on salvia.local

config.status:852: creating config.h
